Using pre-set license
Built from '2020.3/staging' branch; Version is '2020.3.21f1 (a38c86f6690f) revision 10718342'; Using compiler version '192528614'; Build Type 'Release'
OS: 'Windows 10 Home Single Language; OS build 19043.1348; Version 2009; 64bit' Language: 'en' Physical Memory: 16233 MB
BatchMode: 1, IsHumanControllingUs: 0, StartBugReporterOnCrash: 0, Is64bit: 1, IsPro: 0

COMMAND LINE ARGUMENTS:
C:\Program Files\Unity\Hub\Editor\2020.3.21f1\Editor\Unity.exe
-adb2
-batchMode
-noUpm
-name
AssetImportWorker0
-projectPath
D:/Desktop2/Unity_x_Git/Tec/ActInt A01653185/Act_int_TC2008B_513_A01653185/ActInt
-logFile
Logs/AssetImportWorker0.log
-srvPort
52380
Successfully changed project path to: D:/Desktop2/Unity_x_Git/Tec/ActInt A01653185/Act_int_TC2008B_513_A01653185/ActInt
D:/Desktop2/Unity_x_Git/Tec/ActInt A01653185/Act_int_TC2008B_513_A01653185/ActInt
Using Asset Import Pipeline V2.
Refreshing native plugins compatible for Editor in 46.67 ms, found 2 plugins.
Preloading 0 native plugins for Editor in 0.00 ms.
Initialize engine version: 2020.3.21f1 (a38c86f6690f)
[Subsystems] Discovering subsystems at path C:/Program Files/Unity/Hub/Editor/2020.3.21f1/Editor/Data/Resources/UnitySubsystems
[Subsystems] Discovering subsystems at path D:/Desktop2/Unity_x_Git/Tec/ActInt A01653185/Act_int_TC2008B_513_A01653185/ActInt/Assets
GfxDevice: creating device client; threaded=0
Direct3D:
    Version:  Direct3D 11.0 [level 11.1]
    Renderer: NVIDIA GeForce GTX 1660 Ti (ID=0x2191)
    Vendor:   
    VRAM:     5991 MB
    Driver:   27.21.14.5763
Initialize mono
Mono path[0] = 'C:/Program Files/Unity/Hub/Editor/2020.3.21f1/Editor/Data/Managed'
Mono path[1] = 'C:/Program Files/Unity/Hub/Editor/2020.3.21f1/Editor/Data/MonoBleedingEdge/lib/mono/unityjit'
Mono config path = 'C:/Program Files/Unity/Hub/Editor/2020.3.21f1/Editor/Data/MonoBleedingEdge/etc'
Using monoOptions --debugger-agent=transport=dt_socket,embedding=1,server=y,suspend=n,address=127.0.0.1:56980
Begin MonoManager ReloadAssembly
Registering precompiled unity dll's ...
Register platform support module: C:/Program Files/Unity/Hub/Editor/2020.3.21f1/Editor/Data/PlaybackEngines/WindowsStandaloneSupport/UnityEditor.WindowsStandalone.Extensions.dll
Registered in 0.003277 seconds.
Native extension for WindowsStandalone target not found
Refreshing native plugins compatible for Editor in 38.80 ms, found 2 plugins.
Preloading 0 native plugins for Editor in 0.00 ms.
Mono: successfully reloaded assembly
- Completed reload, in  1.566 seconds
Domain Reload Profiling:
	ReloadAssembly (1566ms)
		BeginReloadAssembly (92ms)
			ExecutionOrderSort (0ms)
			DisableScriptedObjects (0ms)
			BackupInstance (0ms)
			ReleaseScriptingObjects (0ms)
			CreateAndSetChildDomain (1ms)
		EndReloadAssembly (592ms)
			LoadAssemblies (88ms)
			RebuildTransferFunctionScriptingTraits (0ms)
			SetupTypeCache (198ms)
			ReleaseScriptCaches (0ms)
			RebuildScriptCaches (39ms)
			SetupLoadedEditorAssemblies (202ms)
				LogAssemblyErrors (0ms)
				InitializePlatformSupportModulesInManaged (5ms)
				SetLoadedEditorAssemblies (0ms)
				RefreshPlugins (39ms)
				BeforeProcessingInitializeOnLoad (20ms)
				ProcessInitializeOnLoadAttributes (101ms)
				ProcessInitializeOnLoadMethodAttributes (36ms)
				AfterProcessingInitializeOnLoad (0ms)
				EditorAssembliesLoaded (0ms)
			ExecutionOrderSort2 (0ms)
			AwakeInstancesAfterBackupRestoration (0ms)
Platform modules already initialized, skipping
Registering precompiled user dll's ...
Registered in 0.008246 seconds.
Begin MonoManager ReloadAssembly
Native extension for WindowsStandalone target not found
Refreshing native plugins compatible for Editor in 0.37 ms, found 2 plugins.
Preloading 0 native plugins for Editor in 0.00 ms.
Mono: successfully reloaded assembly
- Completed reload, in  1.407 seconds
Domain Reload Profiling:
	ReloadAssembly (1408ms)
		BeginReloadAssembly (204ms)
			ExecutionOrderSort (0ms)
			DisableScriptedObjects (6ms)
			BackupInstance (0ms)
			ReleaseScriptingObjects (0ms)
			CreateAndSetChildDomain (25ms)
		EndReloadAssembly (1105ms)
			LoadAssemblies (137ms)
			RebuildTransferFunctionScriptingTraits (0ms)
			SetupTypeCache (387ms)
			ReleaseScriptCaches (0ms)
			RebuildScriptCaches (52ms)
			SetupLoadedEditorAssemblies (404ms)
				LogAssemblyErrors (0ms)
				InitializePlatformSupportModulesInManaged (6ms)
				SetLoadedEditorAssemblies (1ms)
				RefreshPlugins (0ms)
				BeforeProcessingInitializeOnLoad (114ms)
				ProcessInitializeOnLoadAttributes (259ms)
				ProcessInitializeOnLoadMethodAttributes (11ms)
				AfterProcessingInitializeOnLoad (12ms)
				EditorAssembliesLoaded (0ms)
			ExecutionOrderSort2 (0ms)
			AwakeInstancesAfterBackupRestoration (8ms)
Platform modules already initialized, skipping
========================================================================
Worker process is ready to serve import requests
Launched and connected shader compiler UnityShaderCompiler.exe after 0.10 seconds
Refreshing native plugins compatible for Editor in 0.35 ms, found 2 plugins.
Preloading 0 native plugins for Editor in 0.00 ms.
Unloading 1490 Unused Serialized files (Serialized files now loaded: 0)
System memory in use before: 67.6 MB.
System memory in use after: 67.7 MB.

Unloading 19 unused Assets to reduce memory usage. Loaded Objects now: 1922.
Total: 3.792300 ms (FindLiveObjects: 0.179500 ms CreateObjectMapping: 0.050300 ms MarkObjects: 3.491300 ms  DeleteObjects: 0.069800 ms)

AssetImportParameters requested are different than current active one (requested -> active):
  custom:framework-win-MediaFoundation: 216162199b28c13a410421893ffa2e32 -> 
  custom:video-decoder-ogg-theora: a1e56fd34408186e4bbccfd4996cb3dc -> 
  custom:container-muxer-webm: aa71ff27fc2769a1b78a27578f13a17b -> 
  custom:container-demuxer-webm: 4f35f7cbe854078d1ac9338744f61a02 -> 
  custom:container-demuxer-ogg: 62fdf1f143b41e24485cea50d1cbac27 -> 
  custom:video-encoder-webm-vp8: eb34c28f22e8b96e1ab97ce403110664 -> 
  custom:video-codec-MediaFoundation-h265: 746d11721c4dcdbdad8f713fa42b33f4 -> 
  custom:video-decoder-webm-vp8: 9c59270c3fd7afecdb556c50c9e8de78 -> 
  custom:audio-decoder-ogg-vorbis: bf7c407c2cedff20999df2af8eb42d56 -> 
  custom:audio-encoder-webm-vorbis: bf7c407c2cedff20999df2af8eb42d56 -> 
========================================================================
Received Import Request.
  path: Assets/60677625-icono-de-cuadrado-de-caja-de-madera-ilustración-de-textura-gráfico-aislado-de-color-marrón-gráfico-v.jpg
  artifactKey: Guid(bdfb845d394603a4ea51909832d02668) Importer(815301076,1909f56bfc062723c751e8b465ee728b)
Start importing Assets/60677625-icono-de-cuadrado-de-caja-de-madera-ilustración-de-textura-gráfico-aislado-de-color-marrón-gráfico-v.jpg using Guid(bdfb845d394603a4ea51909832d02668) Importer(815301076,1909f56bfc062723c751e8b465ee728b)  -> (artifact id: 'ba2f6db66d557f3deab66ddb6e2e0b88') in 0.103965 seconds 
  Import took 0.107967 seconds .

========================================================================
Received Import Request.
  Time since last request: 0.000388 seconds.
  path: Assets/robotText.png
  artifactKey: Guid(47878faac2a87a446b7dcdc63b95ceee) Importer(815301076,1909f56bfc062723c751e8b465ee728b)
Start importing Assets/robotText.png using Guid(47878faac2a87a446b7dcdc63b95ceee) Importer(815301076,1909f56bfc062723c751e8b465ee728b)  -> (artifact id: '83c0e6e5d51452396a5e61482a2e04df') in 0.016220 seconds 
  Import took 0.020330 seconds .

========================================================================
Received Import Request.
  Time since last request: 0.000328 seconds.
  path: Assets/Box.mat
  artifactKey: Guid(c363aa0e18cee504cba34c04faafd0af) Importer(815301076,1909f56bfc062723c751e8b465ee728b)
Start importing Assets/Box.mat using Guid(c363aa0e18cee504cba34c04faafd0af) Importer(815301076,1909f56bfc062723c751e8b465ee728b)  -> (artifact id: '7ead52bc264e22e1e39aea5044477ae3') in 0.508637 seconds 
  Import took 0.511697 seconds .

========================================================================
Received Import Request.
  Time since last request: 0.000463 seconds.
  path: Assets/Robot.mat
  artifactKey: Guid(5c93786dcb8690a4cae0a07cc280043a) Importer(815301076,1909f56bfc062723c751e8b465ee728b)
Start importing Assets/Robot.mat using Guid(5c93786dcb8690a4cae0a07cc280043a) Importer(815301076,1909f56bfc062723c751e8b465ee728b)  -> (artifact id: '2110fdd34c1c4a31bb0c87bc844d5f60') in 0.012804 seconds 
  Import took 0.017308 seconds .

========================================================================
Received Import Request.
  Time since last request: 0.000652 seconds.
  path: Assets/Estante.mat
  artifactKey: Guid(b8d6c0c2ca2c9fb4c928e6da24bd3959) Importer(815301076,1909f56bfc062723c751e8b465ee728b)
Start importing Assets/Estante.mat using Guid(b8d6c0c2ca2c9fb4c928e6da24bd3959) Importer(815301076,1909f56bfc062723c751e8b465ee728b)  -> (artifact id: 'a3ba1b6a3dd36a3ad4d60c91294481f5') in 0.011257 seconds 
  Import took 0.015135 seconds .

========================================================================
Received Import Request.
  Time since last request: 0.000412 seconds.
  path: Assets/Piso.mat
  artifactKey: Guid(d9ec2b9045146d442affe7f0a9ca9e23) Importer(815301076,1909f56bfc062723c751e8b465ee728b)
Start importing Assets/Piso.mat using Guid(d9ec2b9045146d442affe7f0a9ca9e23) Importer(815301076,1909f56bfc062723c751e8b465ee728b)  -> (artifact id: 'ff7325efb1396e8b97089988b91afcb5') in 0.011010 seconds 
  Import took 0.013941 seconds .

========================================================================
Received Import Request.
  Time since last request: 58.642114 seconds.
  path: Assets/Prefabs
  artifactKey: Guid(032d956e4de705a46b356d9ccc5cd884) Importer(815301076,1909f56bfc062723c751e8b465ee728b)
Start importing Assets/Prefabs using Guid(032d956e4de705a46b356d9ccc5cd884) Importer(815301076,1909f56bfc062723c751e8b465ee728b)  -> (artifact id: 'a85a368aaf1f60c1edbb120cf35d2e71') in 0.005526 seconds 
  Import took 0.011193 seconds .

========================================================================
Received Import Request.
  Time since last request: 0.102275 seconds.
  path: Assets/Prefabs/AgenteRobot.prefab
  artifactKey: Guid(5a4a8dcc019654041988e9b13f819756) Importer(815301076,1909f56bfc062723c751e8b465ee728b)
Start importing Assets/Prefabs/AgenteRobot.prefab using Guid(5a4a8dcc019654041988e9b13f819756) Importer(815301076,1909f56bfc062723c751e8b465ee728b)  -> (artifact id: '239a0ecbd62af8c4a6a2605968581c50') in 0.018502 seconds 
  Import took 0.021371 seconds .

========================================================================
Received Import Request.
  Time since last request: 0.000405 seconds.
  path: Assets/Prefabs/Estante.prefab
  artifactKey: Guid(65ea20bf0cdc4064ea114ecc3f6df6cd) Importer(815301076,1909f56bfc062723c751e8b465ee728b)
Start importing Assets/Prefabs/Estante.prefab using Guid(65ea20bf0cdc4064ea114ecc3f6df6cd) Importer(815301076,1909f56bfc062723c751e8b465ee728b)  -> (artifact id: 'a2a4a6ed9fef14a3e3156aebd4cd9b0e') in 0.007239 seconds 
  Import took 0.012282 seconds .

========================================================================
Received Import Request.
  Time since last request: 0.000675 seconds.
  path: Assets/Prefabs/Caja.prefab
  artifactKey: Guid(f90f4a87d4eaab2468afbaceb11df4cd) Importer(815301076,1909f56bfc062723c751e8b465ee728b)
Start importing Assets/Prefabs/Caja.prefab using Guid(f90f4a87d4eaab2468afbaceb11df4cd) Importer(815301076,1909f56bfc062723c751e8b465ee728b)  -> (artifact id: '1da83bbc8ff95f6f89094fa3d6ea0af7') in 0.006291 seconds 
  Import took 0.010096 seconds .

========================================================================
Received Import Request.
  Time since last request: 54.199677 seconds.
  path: Assets/Prefabs/Caja.prefab
  artifactKey: Guid(f90f4a87d4eaab2468afbaceb11df4cd) Importer(815301076,1909f56bfc062723c751e8b465ee728b)
Start importing Assets/Prefabs/Caja.prefab using Guid(f90f4a87d4eaab2468afbaceb11df4cd) Importer(815301076,1909f56bfc062723c751e8b465ee728b)  -> (artifact id: '7a9d927b8284692eb5139ead4c966e32') in 0.010780 seconds 
  Import took 0.017231 seconds .

========================================================================
Received Import Request.
  Time since last request: 65.305180 seconds.
  path: Assets/Prefabs/50.prefab
  artifactKey: Guid(78e104ec2a8679347800918f23fcc781) Importer(815301076,1909f56bfc062723c751e8b465ee728b)
Start importing Assets/Prefabs/50.prefab using Guid(78e104ec2a8679347800918f23fcc781) Importer(815301076,1909f56bfc062723c751e8b465ee728b)  -> (artifact id: 'fad8804a1cebecb271252251faae3d80') in 0.006244 seconds 
  Import took 0.009485 seconds .

========================================================================
Received Prepare
Registering precompiled user dll's ...
Registered in 0.017159 seconds.
Begin MonoManager ReloadAssembly
Native extension for WindowsStandalone target not found
Refreshing native plugins compatible for Editor in 0.41 ms, found 2 plugins.
Preloading 0 native plugins for Editor in 0.00 ms.
Mono: successfully reloaded assembly
- Completed reload, in  1.248 seconds
Domain Reload Profiling:
	ReloadAssembly (1248ms)
		BeginReloadAssembly (151ms)
			ExecutionOrderSort (0ms)
			DisableScriptedObjects (4ms)
			BackupInstance (0ms)
			ReleaseScriptingObjects (0ms)
			CreateAndSetChildDomain (39ms)
		EndReloadAssembly (1018ms)
			LoadAssemblies (128ms)
			RebuildTransferFunctionScriptingTraits (0ms)
			SetupTypeCache (375ms)
			ReleaseScriptCaches (1ms)
			RebuildScriptCaches (48ms)
			SetupLoadedEditorAssemblies (353ms)
				LogAssemblyErrors (0ms)
				InitializePlatformSupportModulesInManaged (5ms)
				SetLoadedEditorAssemblies (1ms)
				RefreshPlugins (0ms)
				BeforeProcessingInitializeOnLoad (93ms)
				ProcessInitializeOnLoadAttributes (232ms)
				ProcessInitializeOnLoadMethodAttributes (10ms)
				AfterProcessingInitializeOnLoad (11ms)
				EditorAssembliesLoaded (0ms)
			ExecutionOrderSort2 (0ms)
			AwakeInstancesAfterBackupRestoration (8ms)
Platform modules already initialized, skipping
Refreshing native plugins compatible for Editor in 0.44 ms, found 2 plugins.
Preloading 0 native plugins for Editor in 0.00 ms.
Unloading 1845 Unused Serialized files (Serialized files now loaded: 0)
System memory in use before: 86.7 MB.
System memory in use after: 84.8 MB.

Unloading 37 unused Assets to reduce memory usage. Loaded Objects now: 2305.
Total: 5.678000 ms (FindLiveObjects: 0.222000 ms CreateObjectMapping: 0.080100 ms MarkObjects: 3.726400 ms  DeleteObjects: 1.648000 ms)

AssetImportParameters requested are different than current active one (requested -> active):
  custom:framework-win-MediaFoundation: 216162199b28c13a410421893ffa2e32 -> 
  custom:video-decoder-ogg-theora: a1e56fd34408186e4bbccfd4996cb3dc -> 
  custom:container-muxer-webm: aa71ff27fc2769a1b78a27578f13a17b -> 
  custom:container-demuxer-webm: 4f35f7cbe854078d1ac9338744f61a02 -> 
  custom:container-demuxer-ogg: 62fdf1f143b41e24485cea50d1cbac27 -> 
  custom:video-encoder-webm-vp8: eb34c28f22e8b96e1ab97ce403110664 -> 
  custom:video-codec-MediaFoundation-h265: 746d11721c4dcdbdad8f713fa42b33f4 -> 
  custom:video-decoder-webm-vp8: 9c59270c3fd7afecdb556c50c9e8de78 -> 
  custom:audio-decoder-ogg-vorbis: bf7c407c2cedff20999df2af8eb42d56 -> 
  custom:audio-encoder-webm-vorbis: bf7c407c2cedff20999df2af8eb42d56 -> 
========================================================================
Received Import Request.
  Time since last request: 111.753070 seconds.
  path: Assets/Prefabs/Estante.prefab
  artifactKey: Guid(65ea20bf0cdc4064ea114ecc3f6df6cd) Importer(815301076,1909f56bfc062723c751e8b465ee728b)
Start importing Assets/Prefabs/Estante.prefab using Guid(65ea20bf0cdc4064ea114ecc3f6df6cd) Importer(815301076,1909f56bfc062723c751e8b465ee728b)  -> (artifact id: 'cf55eadfa178b4a8d1c7fdd926168ff0') in 0.044641 seconds 
  Import took 0.048077 seconds .

========================================================================
Received Import Request.
  Time since last request: 166.715816 seconds.
  path: Assets/Prefabs/17.prefab
  artifactKey: Guid(0cc55168257c7aa458bbe40aec82bb6e) Importer(815301076,1909f56bfc062723c751e8b465ee728b)
Start importing Assets/Prefabs/17.prefab using Guid(0cc55168257c7aa458bbe40aec82bb6e) Importer(815301076,1909f56bfc062723c751e8b465ee728b)  -> (artifact id: 'b9efe6845235a47815648db1e8a99de5') in 0.010633 seconds 
  Import took 0.015524 seconds .

========================================================================
Received Import Request.
  Time since last request: 53.620662 seconds.
  path: Assets/60677625-icono-de-cuadrado-de-caja-de-madera-ilustración-de-textura-gráfico-aislado-de-color-marrón-gráfico-v.jpg
  artifactKey: Guid(bdfb845d394603a4ea51909832d02668) Importer(815301076,1909f56bfc062723c751e8b465ee728b)
Start importing Assets/60677625-icono-de-cuadrado-de-caja-de-madera-ilustración-de-textura-gráfico-aislado-de-color-marrón-gráfico-v.jpg using Guid(bdfb845d394603a4ea51909832d02668) Importer(815301076,1909f56bfc062723c751e8b465ee728b)  -> (artifact id: '49bb9a45eaca02f68b40a974a7c11deb') in 0.083125 seconds 
  Import took 0.092642 seconds .

========================================================================
Received Import Request.
  Time since last request: 0.000696 seconds.
  path: Assets/robotText.png
  artifactKey: Guid(47878faac2a87a446b7dcdc63b95ceee) Importer(815301076,1909f56bfc062723c751e8b465ee728b)
Start importing Assets/robotText.png using Guid(47878faac2a87a446b7dcdc63b95ceee) Importer(815301076,1909f56bfc062723c751e8b465ee728b)  -> (artifact id: 'c7f5026ec21efe0c389ff07d3c4966a5') in 0.012450 seconds 
  Import took 0.017195 seconds .

========================================================================
Received Import Request.
  Time since last request: 44.285067 seconds.
  path: Assets/ProBuilder Data/Default Material Palette.asset
  artifactKey: Guid(de18eafa6dd215b46b18c6964bc1ed3d) Importer(815301076,1909f56bfc062723c751e8b465ee728b)
Start importing Assets/ProBuilder Data/Default Material Palette.asset using Guid(de18eafa6dd215b46b18c6964bc1ed3d) Importer(815301076,1909f56bfc062723c751e8b465ee728b)  -> (artifact id: '72321bd4a4b2d78ab4361a7c0c410354') in 0.031527 seconds 
  Import took 0.043556 seconds .

========================================================================
Received Import Request.
  Time since last request: 3.472881 seconds.
  path: Assets/Prefabs/AgenteRobot.prefab
  artifactKey: Guid(5a4a8dcc019654041988e9b13f819756) Importer(815301076,1909f56bfc062723c751e8b465ee728b)
Start importing Assets/Prefabs/AgenteRobot.prefab using Guid(5a4a8dcc019654041988e9b13f819756) Importer(815301076,1909f56bfc062723c751e8b465ee728b)  -> (artifact id: 'ad74208c31cc450be830756e0e89d8b5') in 0.008575 seconds 
  Import took 0.012763 seconds .

========================================================================
Received Import Request.
  Time since last request: 59.563350 seconds.
  path: Assets/Prefabs/AgenteRobot.prefab
  artifactKey: Guid(5a4a8dcc019654041988e9b13f819756) Importer(815301076,1909f56bfc062723c751e8b465ee728b)
Start importing Assets/Prefabs/AgenteRobot.prefab using Guid(5a4a8dcc019654041988e9b13f819756) Importer(815301076,1909f56bfc062723c751e8b465ee728b)  -> (artifact id: '317da149a71f7fa0e5f3acde6ae0e7d0') in 0.006956 seconds 
  Import took 0.010810 seconds .

========================================================================
Received Prepare
Registering precompiled user dll's ...
Registered in 0.007638 seconds.
Begin MonoManager ReloadAssembly
Native extension for WindowsStandalone target not found
Refreshing native plugins compatible for Editor in 0.51 ms, found 2 plugins.
Preloading 0 native plugins for Editor in 0.00 ms.
Mono: successfully reloaded assembly
- Completed reload, in  1.348 seconds
Domain Reload Profiling:
	ReloadAssembly (1348ms)
		BeginReloadAssembly (157ms)
			ExecutionOrderSort (0ms)
			DisableScriptedObjects (8ms)
			BackupInstance (0ms)
			ReleaseScriptingObjects (0ms)
			CreateAndSetChildDomain (48ms)
		EndReloadAssembly (1094ms)
			LoadAssemblies (126ms)
			RebuildTransferFunctionScriptingTraits (0ms)
			SetupTypeCache (430ms)
			ReleaseScriptCaches (1ms)
			RebuildScriptCaches (50ms)
			SetupLoadedEditorAssemblies (380ms)
				LogAssemblyErrors (0ms)
				InitializePlatformSupportModulesInManaged (7ms)
				SetLoadedEditorAssemblies (1ms)
				RefreshPlugins (1ms)
				BeforeProcessingInitializeOnLoad (107ms)
				ProcessInitializeOnLoadAttributes (243ms)
				ProcessInitializeOnLoadMethodAttributes (11ms)
				AfterProcessingInitializeOnLoad (11ms)
				EditorAssembliesLoaded (0ms)
			ExecutionOrderSort2 (0ms)
			AwakeInstancesAfterBackupRestoration (7ms)
Platform modules already initialized, skipping
Refreshing native plugins compatible for Editor in 0.45 ms, found 2 plugins.
Preloading 0 native plugins for Editor in 0.00 ms.
Unloading 1845 Unused Serialized files (Serialized files now loaded: 0)
System memory in use before: 86.7 MB.
System memory in use after: 84.8 MB.

Unloading 37 unused Assets to reduce memory usage. Loaded Objects now: 2307.
Total: 5.591400 ms (FindLiveObjects: 0.205400 ms CreateObjectMapping: 0.068700 ms MarkObjects: 3.850800 ms  DeleteObjects: 1.465400 ms)

AssetImportParameters requested are different than current active one (requested -> active):
  custom:framework-win-MediaFoundation: 216162199b28c13a410421893ffa2e32 -> 
  custom:video-decoder-ogg-theora: a1e56fd34408186e4bbccfd4996cb3dc -> 
  custom:container-muxer-webm: aa71ff27fc2769a1b78a27578f13a17b -> 
  custom:container-demuxer-webm: 4f35f7cbe854078d1ac9338744f61a02 -> 
  custom:container-demuxer-ogg: 62fdf1f143b41e24485cea50d1cbac27 -> 
  custom:video-encoder-webm-vp8: eb34c28f22e8b96e1ab97ce403110664 -> 
  custom:video-codec-MediaFoundation-h265: 746d11721c4dcdbdad8f713fa42b33f4 -> 
  custom:video-decoder-webm-vp8: 9c59270c3fd7afecdb556c50c9e8de78 -> 
  custom:audio-decoder-ogg-vorbis: bf7c407c2cedff20999df2af8eb42d56 -> 
  custom:audio-encoder-webm-vorbis: bf7c407c2cedff20999df2af8eb42d56 -> 
========================================================================
Received Prepare
Registering precompiled user dll's ...
Registered in 0.010297 seconds.
Begin MonoManager ReloadAssembly
Native extension for WindowsStandalone target not found
Refreshing native plugins compatible for Editor in 0.48 ms, found 2 plugins.
Preloading 0 native plugins for Editor in 0.00 ms.
Mono: successfully reloaded assembly
- Completed reload, in  1.484 seconds
Domain Reload Profiling:
	ReloadAssembly (1485ms)
		BeginReloadAssembly (174ms)
			ExecutionOrderSort (0ms)
			DisableScriptedObjects (7ms)
			BackupInstance (0ms)
			ReleaseScriptingObjects (0ms)
			CreateAndSetChildDomain (49ms)
		EndReloadAssembly (1206ms)
			LoadAssemblies (155ms)
			RebuildTransferFunctionScriptingTraits (0ms)
			SetupTypeCache (419ms)
			ReleaseScriptCaches (3ms)
			RebuildScriptCaches (61ms)
			SetupLoadedEditorAssemblies (439ms)
				LogAssemblyErrors (0ms)
				InitializePlatformSupportModulesInManaged (7ms)
				SetLoadedEditorAssemblies (1ms)
				RefreshPlugins (1ms)
				BeforeProcessingInitializeOnLoad (120ms)
				ProcessInitializeOnLoadAttributes (287ms)
				ProcessInitializeOnLoadMethodAttributes (12ms)
				AfterProcessingInitializeOnLoad (13ms)
				EditorAssembliesLoaded (0ms)
			ExecutionOrderSort2 (0ms)
			AwakeInstancesAfterBackupRestoration (9ms)
Platform modules already initialized, skipping
Refreshing native plugins compatible for Editor in 0.48 ms, found 2 plugins.
Preloading 0 native plugins for Editor in 0.00 ms.
Unloading 1845 Unused Serialized files (Serialized files now loaded: 0)
System memory in use before: 86.8 MB.
System memory in use after: 84.8 MB.

Unloading 37 unused Assets to reduce memory usage. Loaded Objects now: 2309.
Total: 6.664100 ms (FindLiveObjects: 0.226500 ms CreateObjectMapping: 0.073700 ms MarkObjects: 4.043900 ms  DeleteObjects: 2.318500 ms)

AssetImportParameters requested are different than current active one (requested -> active):
  custom:framework-win-MediaFoundation: 216162199b28c13a410421893ffa2e32 -> 
  custom:video-decoder-ogg-theora: a1e56fd34408186e4bbccfd4996cb3dc -> 
  custom:container-muxer-webm: aa71ff27fc2769a1b78a27578f13a17b -> 
  custom:container-demuxer-webm: 4f35f7cbe854078d1ac9338744f61a02 -> 
  custom:container-demuxer-ogg: 62fdf1f143b41e24485cea50d1cbac27 -> 
  custom:video-encoder-webm-vp8: eb34c28f22e8b96e1ab97ce403110664 -> 
  custom:video-codec-MediaFoundation-h265: 746d11721c4dcdbdad8f713fa42b33f4 -> 
  custom:video-decoder-webm-vp8: 9c59270c3fd7afecdb556c50c9e8de78 -> 
  custom:audio-decoder-ogg-vorbis: bf7c407c2cedff20999df2af8eb42d56 -> 
  custom:audio-encoder-webm-vorbis: bf7c407c2cedff20999df2af8eb42d56 -> 
========================================================================
Received Prepare
Registering precompiled user dll's ...
Registered in 0.008186 seconds.
Begin MonoManager ReloadAssembly
Native extension for WindowsStandalone target not found
Refreshing native plugins compatible for Editor in 0.42 ms, found 2 plugins.
Preloading 0 native plugins for Editor in 0.00 ms.
Mono: successfully reloaded assembly
- Completed reload, in  1.270 seconds
Domain Reload Profiling:
	ReloadAssembly (1270ms)
		BeginReloadAssembly (147ms)
			ExecutionOrderSort (0ms)
			DisableScriptedObjects (5ms)
			BackupInstance (0ms)
			ReleaseScriptingObjects (0ms)
			CreateAndSetChildDomain (40ms)
		EndReloadAssembly (1043ms)
			LoadAssemblies (129ms)
			RebuildTransferFunctionScriptingTraits (0ms)
			SetupTypeCache (360ms)
			ReleaseScriptCaches (1ms)
			RebuildScriptCaches (54ms)
			SetupLoadedEditorAssemblies (392ms)
				LogAssemblyErrors (0ms)
				InitializePlatformSupportModulesInManaged (6ms)
				SetLoadedEditorAssemblies (1ms)
				RefreshPlugins (1ms)
				BeforeProcessingInitializeOnLoad (106ms)
				ProcessInitializeOnLoadAttributes (255ms)
				ProcessInitializeOnLoadMethodAttributes (12ms)
				AfterProcessingInitializeOnLoad (12ms)
				EditorAssembliesLoaded (0ms)
			ExecutionOrderSort2 (0ms)
			AwakeInstancesAfterBackupRestoration (8ms)
Platform modules already initialized, skipping
Refreshing native plugins compatible for Editor in 0.52 ms, found 2 plugins.
Preloading 0 native plugins for Editor in 0.00 ms.
Unloading 1845 Unused Serialized files (Serialized files now loaded: 0)
System memory in use before: 86.8 MB.
System memory in use after: 84.9 MB.

Unloading 37 unused Assets to reduce memory usage. Loaded Objects now: 2311.
Total: 5.214300 ms (FindLiveObjects: 0.188500 ms CreateObjectMapping: 0.070900 ms MarkObjects: 3.357800 ms  DeleteObjects: 1.596100 ms)

AssetImportParameters requested are different than current active one (requested -> active):
  custom:framework-win-MediaFoundation: 216162199b28c13a410421893ffa2e32 -> 
  custom:video-decoder-ogg-theora: a1e56fd34408186e4bbccfd4996cb3dc -> 
  custom:container-muxer-webm: aa71ff27fc2769a1b78a27578f13a17b -> 
  custom:container-demuxer-webm: 4f35f7cbe854078d1ac9338744f61a02 -> 
  custom:container-demuxer-ogg: 62fdf1f143b41e24485cea50d1cbac27 -> 
  custom:video-encoder-webm-vp8: eb34c28f22e8b96e1ab97ce403110664 -> 
  custom:video-codec-MediaFoundation-h265: 746d11721c4dcdbdad8f713fa42b33f4 -> 
  custom:video-decoder-webm-vp8: 9c59270c3fd7afecdb556c50c9e8de78 -> 
  custom:audio-decoder-ogg-vorbis: bf7c407c2cedff20999df2af8eb42d56 -> 
  custom:audio-encoder-webm-vorbis: bf7c407c2cedff20999df2af8eb42d56 -> 
========================================================================
Received Import Request.
  Time since last request: 394.690824 seconds.
  path: Assets
  artifactKey: Guid(00000000000000001000000000000000) Importer(815301076,1909f56bfc062723c751e8b465ee728b)
Start importing Assets using Guid(00000000000000001000000000000000) Importer(815301076,1909f56bfc062723c751e8b465ee728b)  -> (artifact id: '42d402b061de3733987d63b9cc3b64de') in 0.006123 seconds 
  Import took 0.010559 seconds .

========================================================================
Received Import Request.
  Time since last request: 8.060531 seconds.
  path: Assets/textures
  artifactKey: Guid(1e3b69876e49f7448a03811fd2e8a88f) Importer(815301076,1909f56bfc062723c751e8b465ee728b)
Start importing Assets/textures using Guid(1e3b69876e49f7448a03811fd2e8a88f) Importer(815301076,1909f56bfc062723c751e8b465ee728b)  -> (artifact id: 'c06f983122ea0cc7f4862af8b7008572') in 0.003360 seconds 
  Import took 0.006800 seconds .

========================================================================
Received Import Request.
  Time since last request: 129.492366 seconds.
  path: Assets/Prefabs/AgenteRobot.prefab
  artifactKey: Guid(5a4a8dcc019654041988e9b13f819756) Importer(815301076,1909f56bfc062723c751e8b465ee728b)
Start importing Assets/Prefabs/AgenteRobot.prefab using Guid(5a4a8dcc019654041988e9b13f819756) Importer(815301076,1909f56bfc062723c751e8b465ee728b)  -> (artifact id: '7e8127d34da3d433f0e13d5734ce8548') in 0.035682 seconds 
  Import took 0.039000 seconds .

========================================================================
Received Import Request.
  Time since last request: 0.002683 seconds.
  path: Assets/Scenes
  artifactKey: Guid(6f48a4ba0eff480478848430a7c64f2c) Importer(815301076,1909f56bfc062723c751e8b465ee728b)
Start importing Assets/Scenes using Guid(6f48a4ba0eff480478848430a7c64f2c) Importer(815301076,1909f56bfc062723c751e8b465ee728b)  -> (artifact id: '3233e86359431e07ed3ec4b257686cc5') in 0.002724 seconds 
  Import took 0.005683 seconds .

========================================================================
Received Import Request.
  Time since last request: 0.007435 seconds.
  path: Assets/Robot.cs
  artifactKey: Guid(c85c95787071a8f46a6a9e236026598a) Importer(815301076,1909f56bfc062723c751e8b465ee728b)
Start importing Assets/Robot.cs using Guid(c85c95787071a8f46a6a9e236026598a) Importer(815301076,1909f56bfc062723c751e8b465ee728b)  -> (artifact id: 'ba119a239feafaf10058acdc003c1621') in 0.012318 seconds 
  Import took 0.015400 seconds .

========================================================================
Received Import Request.
  Time since last request: 0.013737 seconds.
  path: Assets/Estante.cs
  artifactKey: Guid(efb08d06cc2de474fbcf40c0a2b95267) Importer(815301076,1909f56bfc062723c751e8b465ee728b)
Start importing Assets/Estante.cs using Guid(efb08d06cc2de474fbcf40c0a2b95267) Importer(815301076,1909f56bfc062723c751e8b465ee728b)  -> (artifact id: '9d4eea19d04e425f47cd8cf5186f51dd') in 0.002442 seconds 
  Import took 0.005584 seconds .

========================================================================
Received Import Request.
  Time since last request: 0.009820 seconds.
  path: Assets/ProBuilder Data
  artifactKey: Guid(155cab0a81694e341bb1120cf77094f5) Importer(815301076,1909f56bfc062723c751e8b465ee728b)
Start importing Assets/ProBuilder Data using Guid(155cab0a81694e341bb1120cf77094f5) Importer(815301076,1909f56bfc062723c751e8b465ee728b)  -> (artifact id: 'dc4544f27d0e5555d00d36747042ccba') in 0.002749 seconds 
  Import took 0.005688 seconds .

========================================================================
Received Import Request.
  Time since last request: 0.008354 seconds.
  path: Assets/Scenes/SampleSceneSettings.lighting
  artifactKey: Guid(4d3431b04ef058d448228b88fbf0ff22) Importer(815301076,1909f56bfc062723c751e8b465ee728b)
Start importing Assets/Scenes/SampleSceneSettings.lighting using Guid(4d3431b04ef058d448228b88fbf0ff22) Importer(815301076,1909f56bfc062723c751e8b465ee728b)  -> (artifact id: 'fcd7291b957a7d8f84f68b022d59ad99') in 0.006106 seconds 
  Import took 0.008991 seconds .

========================================================================
Received Import Request.
  Time since last request: 0.006436 seconds.
  path: Assets/Scenes/SampleScene.unity
  artifactKey: Guid(9fc0d4010bbf28b4594072e72b8655ab) Importer(815301076,1909f56bfc062723c751e8b465ee728b)
Start importing Assets/Scenes/SampleScene.unity using Guid(9fc0d4010bbf28b4594072e72b8655ab) Importer(815301076,1909f56bfc062723c751e8b465ee728b)  -> (artifact id: 'b7eda79cd78d253e6958f72f05b7ae08') in 0.003104 seconds 
  Import took 0.006040 seconds .

