Using pre-set license
Built from '2020.3/staging' branch; Version is '2020.3.21f1 (a38c86f6690f) revision 10718342'; Using compiler version '192528614'; Build Type 'Release'
OS: 'Windows 10 Home Single Language; OS build 19043.1348; Version 2009; 64bit' Language: 'en' Physical Memory: 16233 MB
BatchMode: 1, IsHumanControllingUs: 0, StartBugReporterOnCrash: 0, Is64bit: 1, IsPro: 0

COMMAND LINE ARGUMENTS:
C:\Program Files\Unity\Hub\Editor\2020.3.21f1\Editor\Unity.exe
-adb2
-batchMode
-noUpm
-name
AssetImportWorker0
-projectPath
D:/Desktop2/Unity_x_Git/Tec/Actividad Integradora TC2008B.513
-logFile
Logs/AssetImportWorker0.log
-srvPort
65185
Successfully changed project path to: D:/Desktop2/Unity_x_Git/Tec/Actividad Integradora TC2008B.513
D:/Desktop2/Unity_x_Git/Tec/Actividad Integradora TC2008B.513
Using Asset Import Pipeline V2.
Refreshing native plugins compatible for Editor in 75.93 ms, found 2 plugins.
Preloading 0 native plugins for Editor in 0.00 ms.
Initialize engine version: 2020.3.21f1 (a38c86f6690f)
[Subsystems] Discovering subsystems at path C:/Program Files/Unity/Hub/Editor/2020.3.21f1/Editor/Data/Resources/UnitySubsystems
[Subsystems] Discovering subsystems at path D:/Desktop2/Unity_x_Git/Tec/Actividad Integradora TC2008B.513/Assets
GfxDevice: creating device client; threaded=0
Direct3D:
    Version:  Direct3D 11.0 [level 11.1]
    Renderer: NVIDIA GeForce GTX 1660 Ti (ID=0x2191)
    Vendor:   
    VRAM:     5991 MB
    Driver:   27.21.14.5763
Initialize mono
Mono path[0] = 'C:/Program Files/Unity/Hub/Editor/2020.3.21f1/Editor/Data/Managed'
Mono path[1] = 'C:/Program Files/Unity/Hub/Editor/2020.3.21f1/Editor/Data/MonoBleedingEdge/lib/mono/unityjit'
Mono config path = 'C:/Program Files/Unity/Hub/Editor/2020.3.21f1/Editor/Data/MonoBleedingEdge/etc'
Using monoOptions --debugger-agent=transport=dt_socket,embedding=1,server=y,suspend=n,address=127.0.0.1:56624
Begin MonoManager ReloadAssembly
Registering precompiled unity dll's ...
Register platform support module: C:/Program Files/Unity/Hub/Editor/2020.3.21f1/Editor/Data/PlaybackEngines/WindowsStandaloneSupport/UnityEditor.WindowsStandalone.Extensions.dll
Registered in 0.003396 seconds.
Native extension for WindowsStandalone target not found
Refreshing native plugins compatible for Editor in 47.04 ms, found 2 plugins.
Preloading 0 native plugins for Editor in 0.00 ms.
Mono: successfully reloaded assembly
- Completed reload, in  1.852 seconds
Domain Reload Profiling:
	ReloadAssembly (1853ms)
		BeginReloadAssembly (92ms)
			ExecutionOrderSort (0ms)
			DisableScriptedObjects (0ms)
			BackupInstance (0ms)
			ReleaseScriptingObjects (0ms)
			CreateAndSetChildDomain (1ms)
		EndReloadAssembly (837ms)
			LoadAssemblies (88ms)
			RebuildTransferFunctionScriptingTraits (0ms)
			SetupTypeCache (217ms)
			ReleaseScriptCaches (0ms)
			RebuildScriptCaches (58ms)
			SetupLoadedEditorAssemblies (419ms)
				LogAssemblyErrors (0ms)
				InitializePlatformSupportModulesInManaged (6ms)
				SetLoadedEditorAssemblies (0ms)
				RefreshPlugins (47ms)
				BeforeProcessingInitializeOnLoad (28ms)
				ProcessInitializeOnLoadAttributes (230ms)
				ProcessInitializeOnLoadMethodAttributes (108ms)
				AfterProcessingInitializeOnLoad (0ms)
				EditorAssembliesLoaded (0ms)
			ExecutionOrderSort2 (0ms)
			AwakeInstancesAfterBackupRestoration (0ms)
Platform modules already initialized, skipping
Registering precompiled user dll's ...
Registered in 0.011969 seconds.
Begin MonoManager ReloadAssembly
Native extension for WindowsStandalone target not found
Refreshing native plugins compatible for Editor in 0.44 ms, found 2 plugins.
Preloading 0 native plugins for Editor in 0.00 ms.
Mono: successfully reloaded assembly
- Completed reload, in  1.579 seconds
Domain Reload Profiling:
	ReloadAssembly (1580ms)
		BeginReloadAssembly (211ms)
			ExecutionOrderSort (0ms)
			DisableScriptedObjects (6ms)
			BackupInstance (0ms)
			ReleaseScriptingObjects (0ms)
			CreateAndSetChildDomain (28ms)
		EndReloadAssembly (1257ms)
			LoadAssemblies (144ms)
			RebuildTransferFunctionScriptingTraits (0ms)
			SetupTypeCache (474ms)
			ReleaseScriptCaches (0ms)
			RebuildScriptCaches (62ms)
			SetupLoadedEditorAssemblies (446ms)
				LogAssemblyErrors (0ms)
				InitializePlatformSupportModulesInManaged (7ms)
				SetLoadedEditorAssemblies (1ms)
				RefreshPlugins (1ms)
				BeforeProcessingInitializeOnLoad (118ms)
				ProcessInitializeOnLoadAttributes (296ms)
				ProcessInitializeOnLoadMethodAttributes (13ms)
				AfterProcessingInitializeOnLoad (11ms)
				EditorAssembliesLoaded (0ms)
			ExecutionOrderSort2 (0ms)
			AwakeInstancesAfterBackupRestoration (8ms)
Platform modules already initialized, skipping
========================================================================
Worker process is ready to serve import requests
Launched and connected shader compiler UnityShaderCompiler.exe after 0.09 seconds
Refreshing native plugins compatible for Editor in 0.46 ms, found 2 plugins.
Preloading 0 native plugins for Editor in 0.00 ms.
Unloading 1839 Unused Serialized files (Serialized files now loaded: 0)
System memory in use before: 82.8 MB.
System memory in use after: 82.8 MB.

Unloading 19 unused Assets to reduce memory usage. Loaded Objects now: 2276.
Total: 4.045600 ms (FindLiveObjects: 0.218500 ms CreateObjectMapping: 0.073500 ms MarkObjects: 3.663800 ms  DeleteObjects: 0.088600 ms)

AssetImportParameters requested are different than current active one (requested -> active):
  custom:framework-win-MediaFoundation: 216162199b28c13a410421893ffa2e32 -> 
  custom:video-decoder-ogg-theora: a1e56fd34408186e4bbccfd4996cb3dc -> 
  custom:container-muxer-webm: aa71ff27fc2769a1b78a27578f13a17b -> 
  custom:container-demuxer-webm: 4f35f7cbe854078d1ac9338744f61a02 -> 
  custom:container-demuxer-ogg: 62fdf1f143b41e24485cea50d1cbac27 -> 
  custom:video-encoder-webm-vp8: eb34c28f22e8b96e1ab97ce403110664 -> 
  custom:video-codec-MediaFoundation-h265: 746d11721c4dcdbdad8f713fa42b33f4 -> 
  custom:video-decoder-webm-vp8: 9c59270c3fd7afecdb556c50c9e8de78 -> 
  custom:audio-decoder-ogg-vorbis: bf7c407c2cedff20999df2af8eb42d56 -> 
  custom:audio-encoder-webm-vorbis: bf7c407c2cedff20999df2af8eb42d56 -> 
========================================================================
Received Import Request.
  path: Assets/Prefabs/Estante.prefab
  artifactKey: Guid(65ea20bf0cdc4064ea114ecc3f6df6cd) Importer(815301076,1909f56bfc062723c751e8b465ee728b)
Start importing Assets/Prefabs/Estante.prefab using Guid(65ea20bf0cdc4064ea114ecc3f6df6cd) Importer(815301076,1909f56bfc062723c751e8b465ee728b)  -> (artifact id: '357da538fab69b5c3705ffddfd6fa447') in 0.089147 seconds 
  Import took 0.092992 seconds .

========================================================================
Received Import Request.
  Time since last request: 0.000388 seconds.
  path: Assets/Prefabs/Caja.prefab
  artifactKey: Guid(f90f4a87d4eaab2468afbaceb11df4cd) Importer(815301076,1909f56bfc062723c751e8b465ee728b)
Start importing Assets/Prefabs/Caja.prefab using Guid(f90f4a87d4eaab2468afbaceb11df4cd) Importer(815301076,1909f56bfc062723c751e8b465ee728b)  -> (artifact id: '3f7a25708fffe2c6335de535d5f784b4') in 0.006054 seconds 
  Import took 0.010732 seconds .

========================================================================
Received Import Request.
  Time since last request: 0.000404 seconds.
  path: Assets/Prefabs/AgenteRobot.prefab
  artifactKey: Guid(5a4a8dcc019654041988e9b13f819756) Importer(815301076,1909f56bfc062723c751e8b465ee728b)
Start importing Assets/Prefabs/AgenteRobot.prefab using Guid(5a4a8dcc019654041988e9b13f819756) Importer(815301076,1909f56bfc062723c751e8b465ee728b)  -> (artifact id: '9a18459618fa2fd0ba9af0d7160e108c') in 0.010126 seconds 
  Import took 0.013735 seconds .

========================================================================
Received Import Request.
  Time since last request: 228.332566 seconds.
  path: Assets/ProBuilder Data/Default Material Palette.asset
  artifactKey: Guid(de18eafa6dd215b46b18c6964bc1ed3d) Importer(815301076,1909f56bfc062723c751e8b465ee728b)
Start importing Assets/ProBuilder Data/Default Material Palette.asset using Guid(de18eafa6dd215b46b18c6964bc1ed3d) Importer(815301076,1909f56bfc062723c751e8b465ee728b)  -> (artifact id: '72321bd4a4b2d78ab4361a7c0c410354') in 0.024585 seconds 
  Import took 0.036829 seconds .

========================================================================
Received Import Request.
  Time since last request: 8.279846 seconds.
  path: Assets/Prefabs/AgenteRobot.prefab
  artifactKey: Guid(5a4a8dcc019654041988e9b13f819756) Importer(815301076,1909f56bfc062723c751e8b465ee728b)
Start importing Assets/Prefabs/AgenteRobot.prefab using Guid(5a4a8dcc019654041988e9b13f819756) Importer(815301076,1909f56bfc062723c751e8b465ee728b)  -> (artifact id: '83aeba97c2bfa4a33f92aeac1f0b7ce2') in 0.007496 seconds 
  Import took 0.011365 seconds .

========================================================================
Received Import Request.
  Time since last request: 12.503095 seconds.
  path: Assets/Prefabs/AgenteRobot.prefab
  artifactKey: Guid(5a4a8dcc019654041988e9b13f819756) Importer(815301076,1909f56bfc062723c751e8b465ee728b)
Start importing Assets/Prefabs/AgenteRobot.prefab using Guid(5a4a8dcc019654041988e9b13f819756) Importer(815301076,1909f56bfc062723c751e8b465ee728b)  -> (artifact id: '7c3a2a57efce0cac1c58f0adead453e6') in 0.007096 seconds 
  Import took 0.010649 seconds .

========================================================================
Received Import Request.
  Time since last request: 11.939568 seconds.
  path: Assets/Prefabs/AgenteRobot.prefab
  artifactKey: Guid(5a4a8dcc019654041988e9b13f819756) Importer(815301076,1909f56bfc062723c751e8b465ee728b)
Start importing Assets/Prefabs/AgenteRobot.prefab using Guid(5a4a8dcc019654041988e9b13f819756) Importer(815301076,1909f56bfc062723c751e8b465ee728b)  -> (artifact id: '927b8457ac7acdffc8970f6077c6acd3') in 0.007061 seconds 
  Import took 0.010665 seconds .

========================================================================
Received Import Request.
  Time since last request: 5.883844 seconds.
  path: Assets/Prefabs/AgenteRobot.prefab
  artifactKey: Guid(5a4a8dcc019654041988e9b13f819756) Importer(815301076,1909f56bfc062723c751e8b465ee728b)
Start importing Assets/Prefabs/AgenteRobot.prefab using Guid(5a4a8dcc019654041988e9b13f819756) Importer(815301076,1909f56bfc062723c751e8b465ee728b)  -> (artifact id: '059a165d81a519c61565425a2f324b17') in 0.007219 seconds 
  Import took 0.010743 seconds .

========================================================================
Received Import Request.
  Time since last request: 13.615519 seconds.
  path: Assets/Prefabs/AgenteRobot.prefab
  artifactKey: Guid(5a4a8dcc019654041988e9b13f819756) Importer(815301076,1909f56bfc062723c751e8b465ee728b)
Start importing Assets/Prefabs/AgenteRobot.prefab using Guid(5a4a8dcc019654041988e9b13f819756) Importer(815301076,1909f56bfc062723c751e8b465ee728b)  -> (artifact id: '4834f5c55f76458f1292312707104cc5') in 0.007223 seconds 
  Import took 0.011255 seconds .

========================================================================
Received Import Request.
  Time since last request: 7.336490 seconds.
  path: Assets/Prefabs/AgenteRobot.prefab
  artifactKey: Guid(5a4a8dcc019654041988e9b13f819756) Importer(815301076,1909f56bfc062723c751e8b465ee728b)
Start importing Assets/Prefabs/AgenteRobot.prefab using Guid(5a4a8dcc019654041988e9b13f819756) Importer(815301076,1909f56bfc062723c751e8b465ee728b)  -> (artifact id: '4deb473d887f2390bbd7cf2c00f824bc') in 0.008365 seconds 
  Import took 0.012628 seconds .

========================================================================
Received Import Request.
  Time since last request: 9.999737 seconds.
  path: Assets/Prefabs/AgenteRobot.prefab
  artifactKey: Guid(5a4a8dcc019654041988e9b13f819756) Importer(815301076,1909f56bfc062723c751e8b465ee728b)
Start importing Assets/Prefabs/AgenteRobot.prefab using Guid(5a4a8dcc019654041988e9b13f819756) Importer(815301076,1909f56bfc062723c751e8b465ee728b)  -> (artifact id: 'edb27e8209317d4476e8340a961b68c9') in 0.015729 seconds 
  Import took 0.020032 seconds .

========================================================================
Received Import Request.
  Time since last request: 10.820261 seconds.
  path: Assets/Prefabs/AgenteRobot.prefab
  artifactKey: Guid(5a4a8dcc019654041988e9b13f819756) Importer(815301076,1909f56bfc062723c751e8b465ee728b)
Start importing Assets/Prefabs/AgenteRobot.prefab using Guid(5a4a8dcc019654041988e9b13f819756) Importer(815301076,1909f56bfc062723c751e8b465ee728b)  -> (artifact id: '181f979990173b8653bb3a172ee848f8') in 0.009330 seconds 
  Import took 0.014403 seconds .

========================================================================
Received Import Request.
  Time since last request: 6.542005 seconds.
  path: Assets/Prefabs/AgenteRobot.prefab
  artifactKey: Guid(5a4a8dcc019654041988e9b13f819756) Importer(815301076,1909f56bfc062723c751e8b465ee728b)
Start importing Assets/Prefabs/AgenteRobot.prefab using Guid(5a4a8dcc019654041988e9b13f819756) Importer(815301076,1909f56bfc062723c751e8b465ee728b)  -> (artifact id: 'e5729edff8766fbca13826e97eb4aba8') in 0.008905 seconds 
  Import took 0.015793 seconds .

========================================================================
Received Import Request.
  Time since last request: 4.481510 seconds.
  path: Assets/Prefabs/AgenteRobot.prefab
  artifactKey: Guid(5a4a8dcc019654041988e9b13f819756) Importer(815301076,1909f56bfc062723c751e8b465ee728b)
Start importing Assets/Prefabs/AgenteRobot.prefab using Guid(5a4a8dcc019654041988e9b13f819756) Importer(815301076,1909f56bfc062723c751e8b465ee728b)  -> (artifact id: 'ee9a8a5ac78985a5a8b15e46dca323a6') in 0.008395 seconds 
  Import took 0.013601 seconds .

========================================================================
Received Import Request.
  Time since last request: 3.462407 seconds.
  path: Assets/Prefabs/AgenteRobot.prefab
  artifactKey: Guid(5a4a8dcc019654041988e9b13f819756) Importer(815301076,1909f56bfc062723c751e8b465ee728b)
Start importing Assets/Prefabs/AgenteRobot.prefab using Guid(5a4a8dcc019654041988e9b13f819756) Importer(815301076,1909f56bfc062723c751e8b465ee728b)  -> (artifact id: 'd3754bb228a60b32b6e7a5f370371f87') in 0.010137 seconds 
  Import took 0.015406 seconds .

========================================================================
Received Import Request.
  Time since last request: 3.251714 seconds.
  path: Assets/Prefabs/AgenteRobot.prefab
  artifactKey: Guid(5a4a8dcc019654041988e9b13f819756) Importer(815301076,1909f56bfc062723c751e8b465ee728b)
Start importing Assets/Prefabs/AgenteRobot.prefab using Guid(5a4a8dcc019654041988e9b13f819756) Importer(815301076,1909f56bfc062723c751e8b465ee728b)  -> (artifact id: '337a9d548c85e728d960dbddac8bd29d') in 0.009665 seconds 
  Import took 0.015438 seconds .

========================================================================
Received Import Request.
  Time since last request: 3.449156 seconds.
  path: Assets/Prefabs/AgenteRobot.prefab
  artifactKey: Guid(5a4a8dcc019654041988e9b13f819756) Importer(815301076,1909f56bfc062723c751e8b465ee728b)
Start importing Assets/Prefabs/AgenteRobot.prefab using Guid(5a4a8dcc019654041988e9b13f819756) Importer(815301076,1909f56bfc062723c751e8b465ee728b)  -> (artifact id: 'bfc2de9066177e637509a7144dcea52b') in 0.007262 seconds 
  Import took 0.012027 seconds .

========================================================================
Received Import Request.
  Time since last request: 2.851322 seconds.
  path: Assets/Prefabs/AgenteRobot.prefab
  artifactKey: Guid(5a4a8dcc019654041988e9b13f819756) Importer(815301076,1909f56bfc062723c751e8b465ee728b)
Start importing Assets/Prefabs/AgenteRobot.prefab using Guid(5a4a8dcc019654041988e9b13f819756) Importer(815301076,1909f56bfc062723c751e8b465ee728b)  -> (artifact id: 'c0037d8a4c2d15b2aa94532f9ddc1a77') in 0.007555 seconds 
  Import took 0.012085 seconds .

========================================================================
Received Import Request.
  Time since last request: 2.255530 seconds.
  path: Assets/Prefabs/AgenteRobot.prefab
  artifactKey: Guid(5a4a8dcc019654041988e9b13f819756) Importer(815301076,1909f56bfc062723c751e8b465ee728b)
Start importing Assets/Prefabs/AgenteRobot.prefab using Guid(5a4a8dcc019654041988e9b13f819756) Importer(815301076,1909f56bfc062723c751e8b465ee728b)  -> (artifact id: 'd89b925cdeea433b6c204add1a91f4a4') in 0.007641 seconds 
  Import took 0.012134 seconds .

========================================================================
Received Import Request.
  Time since last request: 5.077597 seconds.
  path: Assets/Prefabs/AgenteRobot.prefab
  artifactKey: Guid(5a4a8dcc019654041988e9b13f819756) Importer(815301076,1909f56bfc062723c751e8b465ee728b)
Start importing Assets/Prefabs/AgenteRobot.prefab using Guid(5a4a8dcc019654041988e9b13f819756) Importer(815301076,1909f56bfc062723c751e8b465ee728b)  -> (artifact id: '295d8ee2ad3bed24829ef4a2997cda48') in 0.014354 seconds 
  Import took 0.018962 seconds .

========================================================================
Received Import Request.
  Time since last request: 3.436688 seconds.
  path: Assets/Prefabs/AgenteRobot.prefab
  artifactKey: Guid(5a4a8dcc019654041988e9b13f819756) Importer(815301076,1909f56bfc062723c751e8b465ee728b)
Start importing Assets/Prefabs/AgenteRobot.prefab using Guid(5a4a8dcc019654041988e9b13f819756) Importer(815301076,1909f56bfc062723c751e8b465ee728b)  -> (artifact id: '6120d1516baee79ddb52c89aa8fbf204') in 0.011595 seconds 
  Import took 0.016303 seconds .

========================================================================
Received Import Request.
  Time since last request: 3.648016 seconds.
  path: Assets/Prefabs/AgenteRobot.prefab
  artifactKey: Guid(5a4a8dcc019654041988e9b13f819756) Importer(815301076,1909f56bfc062723c751e8b465ee728b)
Start importing Assets/Prefabs/AgenteRobot.prefab using Guid(5a4a8dcc019654041988e9b13f819756) Importer(815301076,1909f56bfc062723c751e8b465ee728b)  -> (artifact id: '1d5a31a1aba7e681105a9ac6106a9631') in 0.009072 seconds 
  Import took 0.014242 seconds .

========================================================================
Received Import Request.
  Time since last request: 7.494292 seconds.
  path: Assets/Prefabs/AgenteRobot.prefab
  artifactKey: Guid(5a4a8dcc019654041988e9b13f819756) Importer(815301076,1909f56bfc062723c751e8b465ee728b)
Start importing Assets/Prefabs/AgenteRobot.prefab using Guid(5a4a8dcc019654041988e9b13f819756) Importer(815301076,1909f56bfc062723c751e8b465ee728b)  -> (artifact id: '9e307f444268be090297ddf04ca71eed') in 0.007980 seconds 
  Import took 0.012047 seconds .

========================================================================
Received Import Request.
  Time since last request: 6.296499 seconds.
  path: Assets/Prefabs/AgenteRobot.prefab
  artifactKey: Guid(5a4a8dcc019654041988e9b13f819756) Importer(815301076,1909f56bfc062723c751e8b465ee728b)
Start importing Assets/Prefabs/AgenteRobot.prefab using Guid(5a4a8dcc019654041988e9b13f819756) Importer(815301076,1909f56bfc062723c751e8b465ee728b)  -> (artifact id: '8ff8e2656b73b43f87ac778f0ce79a95') in 0.007462 seconds 
  Import took 0.011065 seconds .

========================================================================
Received Import Request.
  Time since last request: 5.881149 seconds.
  path: Assets/Prefabs/AgenteRobot.prefab
  artifactKey: Guid(5a4a8dcc019654041988e9b13f819756) Importer(815301076,1909f56bfc062723c751e8b465ee728b)
Start importing Assets/Prefabs/AgenteRobot.prefab using Guid(5a4a8dcc019654041988e9b13f819756) Importer(815301076,1909f56bfc062723c751e8b465ee728b)  -> (artifact id: 'bb02acd3fdef586a24c0986dc995478a') in 0.009713 seconds 
  Import took 0.013878 seconds .

========================================================================
Received Import Request.
  Time since last request: 2.647566 seconds.
  path: Assets/Prefabs/AgenteRobot.prefab
  artifactKey: Guid(5a4a8dcc019654041988e9b13f819756) Importer(815301076,1909f56bfc062723c751e8b465ee728b)
Start importing Assets/Prefabs/AgenteRobot.prefab using Guid(5a4a8dcc019654041988e9b13f819756) Importer(815301076,1909f56bfc062723c751e8b465ee728b)  -> (artifact id: '0fe1c35573b66f394ffb941e1792843c') in 0.008957 seconds 
  Import took 0.013545 seconds .

========================================================================
Received Import Request.
  Time since last request: 1.637743 seconds.
  path: Assets/Prefabs/AgenteRobot.prefab
  artifactKey: Guid(5a4a8dcc019654041988e9b13f819756) Importer(815301076,1909f56bfc062723c751e8b465ee728b)
Start importing Assets/Prefabs/AgenteRobot.prefab using Guid(5a4a8dcc019654041988e9b13f819756) Importer(815301076,1909f56bfc062723c751e8b465ee728b)  -> (artifact id: '1db89173d0fe12a5987efbc18f53b077') in 0.008544 seconds 
  Import took 0.013986 seconds .

========================================================================
Received Import Request.
  Time since last request: 3.864418 seconds.
  path: Assets/Prefabs/AgenteRobot.prefab
  artifactKey: Guid(5a4a8dcc019654041988e9b13f819756) Importer(815301076,1909f56bfc062723c751e8b465ee728b)
Start importing Assets/Prefabs/AgenteRobot.prefab using Guid(5a4a8dcc019654041988e9b13f819756) Importer(815301076,1909f56bfc062723c751e8b465ee728b)  -> (artifact id: '4931abf2ede7b82a00eda41adbfe8ae0') in 0.007535 seconds 
  Import took 0.012008 seconds .

========================================================================
Received Import Request.
  Time since last request: 1258.525780 seconds.
  path: Assets/Prefabs/AgenteRobot.prefab
  artifactKey: Guid(5a4a8dcc019654041988e9b13f819756) Importer(815301076,1909f56bfc062723c751e8b465ee728b)
Start importing Assets/Prefabs/AgenteRobot.prefab using Guid(5a4a8dcc019654041988e9b13f819756) Importer(815301076,1909f56bfc062723c751e8b465ee728b)  -> (artifact id: 'fc9ff3dccef5f5a003adbc6f1f51e0f2') in 0.010929 seconds 
  Import took 0.018180 seconds .

========================================================================
Received Import Request.
  Time since last request: 2.626533 seconds.
  path: Assets/Prefabs/AgenteRobot.prefab
  artifactKey: Guid(5a4a8dcc019654041988e9b13f819756) Importer(815301076,1909f56bfc062723c751e8b465ee728b)
Start importing Assets/Prefabs/AgenteRobot.prefab using Guid(5a4a8dcc019654041988e9b13f819756) Importer(815301076,1909f56bfc062723c751e8b465ee728b)  -> (artifact id: '0a39cce2807023a4339622e85495e42b') in 0.012185 seconds 
  Import took 0.015836 seconds .

========================================================================
Received Import Request.
  Time since last request: 7.067181 seconds.
  path: Assets/Prefabs/AgenteRobot.prefab
  artifactKey: Guid(5a4a8dcc019654041988e9b13f819756) Importer(815301076,1909f56bfc062723c751e8b465ee728b)
Start importing Assets/Prefabs/AgenteRobot.prefab using Guid(5a4a8dcc019654041988e9b13f819756) Importer(815301076,1909f56bfc062723c751e8b465ee728b)  -> (artifact id: 'fcad676b87855eaf1bb656e7e7716b1d') in 0.010785 seconds 
  Import took 0.016165 seconds .

========================================================================
Received Import Request.
  Time since last request: 2.030640 seconds.
  path: Assets/Prefabs/AgenteRobot.prefab
  artifactKey: Guid(5a4a8dcc019654041988e9b13f819756) Importer(815301076,1909f56bfc062723c751e8b465ee728b)
Start importing Assets/Prefabs/AgenteRobot.prefab using Guid(5a4a8dcc019654041988e9b13f819756) Importer(815301076,1909f56bfc062723c751e8b465ee728b)  -> (artifact id: '9fa62b01d969dcc8b55d6fff974c78a4') in 0.007012 seconds 
  Import took 0.010532 seconds .

========================================================================
Received Import Request.
  Time since last request: 2.032858 seconds.
  path: Assets/Prefabs/AgenteRobot.prefab
  artifactKey: Guid(5a4a8dcc019654041988e9b13f819756) Importer(815301076,1909f56bfc062723c751e8b465ee728b)
Start importing Assets/Prefabs/AgenteRobot.prefab using Guid(5a4a8dcc019654041988e9b13f819756) Importer(815301076,1909f56bfc062723c751e8b465ee728b)  -> (artifact id: 'b0fe4e7bf9053d0039483aeec0a46dec') in 0.007095 seconds 
  Import took 0.010640 seconds .

========================================================================
Received Import Request.
  Time since last request: 12.346105 seconds.
  path: Assets/Prefabs/AgenteRobot.prefab
  artifactKey: Guid(5a4a8dcc019654041988e9b13f819756) Importer(815301076,1909f56bfc062723c751e8b465ee728b)
Start importing Assets/Prefabs/AgenteRobot.prefab using Guid(5a4a8dcc019654041988e9b13f819756) Importer(815301076,1909f56bfc062723c751e8b465ee728b)  -> (artifact id: '1b88588815137719136f36fa47bc9acd') in 0.007926 seconds 
  Import took 0.012132 seconds .

========================================================================
Received Import Request.
  Time since last request: 2.650285 seconds.
  path: Assets/Prefabs/AgenteRobot.prefab
  artifactKey: Guid(5a4a8dcc019654041988e9b13f819756) Importer(815301076,1909f56bfc062723c751e8b465ee728b)
Start importing Assets/Prefabs/AgenteRobot.prefab using Guid(5a4a8dcc019654041988e9b13f819756) Importer(815301076,1909f56bfc062723c751e8b465ee728b)  -> (artifact id: '3eff4706357c07fde96295c27fedbc78') in 0.012450 seconds 
  Import took 0.017280 seconds .

========================================================================
Received Import Request.
  Time since last request: 8.074682 seconds.
  path: Assets/Prefabs/AgenteRobot.prefab
  artifactKey: Guid(5a4a8dcc019654041988e9b13f819756) Importer(815301076,1909f56bfc062723c751e8b465ee728b)
Start importing Assets/Prefabs/AgenteRobot.prefab using Guid(5a4a8dcc019654041988e9b13f819756) Importer(815301076,1909f56bfc062723c751e8b465ee728b)  -> (artifact id: 'ed8a2aae1140ffc2f91776e3d613edcb') in 0.007321 seconds 
  Import took 0.012380 seconds .

========================================================================
Received Import Request.
  Time since last request: 2.849318 seconds.
  path: Assets/Prefabs/AgenteRobot.prefab
  artifactKey: Guid(5a4a8dcc019654041988e9b13f819756) Importer(815301076,1909f56bfc062723c751e8b465ee728b)
Start importing Assets/Prefabs/AgenteRobot.prefab using Guid(5a4a8dcc019654041988e9b13f819756) Importer(815301076,1909f56bfc062723c751e8b465ee728b)  -> (artifact id: '0f6b4092cb31b33876e87fde76e3998f') in 0.007078 seconds 
  Import took 0.010659 seconds .

========================================================================
Received Import Request.
  Time since last request: 1272.069364 seconds.
  path: Assets/Prefabs/Estante.prefab
  artifactKey: Guid(65ea20bf0cdc4064ea114ecc3f6df6cd) Importer(815301076,1909f56bfc062723c751e8b465ee728b)
Start importing Assets/Prefabs/Estante.prefab using Guid(65ea20bf0cdc4064ea114ecc3f6df6cd) Importer(815301076,1909f56bfc062723c751e8b465ee728b)  -> (artifact id: 'eeba6ffe7668ff3d400db78a866f1ff7') in 0.014597 seconds 
  Import took 0.018803 seconds .

========================================================================
Received Import Request.
  Time since last request: 6.692946 seconds.
  path: Assets/Prefabs/Estante.prefab
  artifactKey: Guid(65ea20bf0cdc4064ea114ecc3f6df6cd) Importer(815301076,1909f56bfc062723c751e8b465ee728b)
Start importing Assets/Prefabs/Estante.prefab using Guid(65ea20bf0cdc4064ea114ecc3f6df6cd) Importer(815301076,1909f56bfc062723c751e8b465ee728b)  -> (artifact id: '295b708d7dee6b3499eaa347abbb3f99') in 0.011642 seconds 
  Import took 0.016285 seconds .

========================================================================
Received Import Request.
  Time since last request: 7.982048 seconds.
  path: Assets/Prefabs/Estante.prefab
  artifactKey: Guid(65ea20bf0cdc4064ea114ecc3f6df6cd) Importer(815301076,1909f56bfc062723c751e8b465ee728b)
Start importing Assets/Prefabs/Estante.prefab using Guid(65ea20bf0cdc4064ea114ecc3f6df6cd) Importer(815301076,1909f56bfc062723c751e8b465ee728b)  -> (artifact id: '021964a04e7563304ef234458758dbb7') in 0.010144 seconds 
  Import took 0.013960 seconds .

========================================================================
Received Import Request.
  Time since last request: 10.503376 seconds.
  path: Assets/Prefabs/Estante.prefab
  artifactKey: Guid(65ea20bf0cdc4064ea114ecc3f6df6cd) Importer(815301076,1909f56bfc062723c751e8b465ee728b)
Start importing Assets/Prefabs/Estante.prefab using Guid(65ea20bf0cdc4064ea114ecc3f6df6cd) Importer(815301076,1909f56bfc062723c751e8b465ee728b)  -> (artifact id: 'b0d69b0bf0d66732e56f9d79419ac698') in 0.010132 seconds 
  Import took 0.014572 seconds .

========================================================================
Received Import Request.
  Time since last request: 9.777736 seconds.
  path: Assets/Prefabs/Estante.prefab
  artifactKey: Guid(65ea20bf0cdc4064ea114ecc3f6df6cd) Importer(815301076,1909f56bfc062723c751e8b465ee728b)
Start importing Assets/Prefabs/Estante.prefab using Guid(65ea20bf0cdc4064ea114ecc3f6df6cd) Importer(815301076,1909f56bfc062723c751e8b465ee728b)  -> (artifact id: '80bffb618008524544d5c5c08f671e33') in 0.010371 seconds 
  Import took 0.014045 seconds .

========================================================================
Received Import Request.
  Time since last request: 4.808762 seconds.
  path: Assets/Prefabs/Estante.prefab
  artifactKey: Guid(65ea20bf0cdc4064ea114ecc3f6df6cd) Importer(815301076,1909f56bfc062723c751e8b465ee728b)
Start importing Assets/Prefabs/Estante.prefab using Guid(65ea20bf0cdc4064ea114ecc3f6df6cd) Importer(815301076,1909f56bfc062723c751e8b465ee728b)  -> (artifact id: '1a2e4da624a904c9c15b34be3e2aad4f') in 0.012492 seconds 
  Import took 0.016572 seconds .

========================================================================
Received Import Request.
  Time since last request: 3.286780 seconds.
  path: Assets/Prefabs/Estante.prefab
  artifactKey: Guid(65ea20bf0cdc4064ea114ecc3f6df6cd) Importer(815301076,1909f56bfc062723c751e8b465ee728b)
Start importing Assets/Prefabs/Estante.prefab using Guid(65ea20bf0cdc4064ea114ecc3f6df6cd) Importer(815301076,1909f56bfc062723c751e8b465ee728b)  -> (artifact id: '238550a4770b54f126e87fe4875dddf7') in 0.009108 seconds 
  Import took 0.012624 seconds .

========================================================================
Received Import Request.
  Time since last request: 8.865755 seconds.
  path: Assets/Prefabs/Estante.prefab
  artifactKey: Guid(65ea20bf0cdc4064ea114ecc3f6df6cd) Importer(815301076,1909f56bfc062723c751e8b465ee728b)
Start importing Assets/Prefabs/Estante.prefab using Guid(65ea20bf0cdc4064ea114ecc3f6df6cd) Importer(815301076,1909f56bfc062723c751e8b465ee728b)  -> (artifact id: '7297c6f0e90893adb6954a14821545a0') in 0.008332 seconds 
  Import took 0.011780 seconds .

========================================================================
Received Import Request.
  Time since last request: 6.805269 seconds.
  path: Assets/Prefabs/Estante.prefab
  artifactKey: Guid(65ea20bf0cdc4064ea114ecc3f6df6cd) Importer(815301076,1909f56bfc062723c751e8b465ee728b)
Start importing Assets/Prefabs/Estante.prefab using Guid(65ea20bf0cdc4064ea114ecc3f6df6cd) Importer(815301076,1909f56bfc062723c751e8b465ee728b)  -> (artifact id: '3d188f631c76c7663e26cbf9a8d8a4e9') in 0.009168 seconds 
  Import took 0.013236 seconds .

========================================================================
Received Import Request.
  Time since last request: 5.464602 seconds.
  path: Assets/Prefabs/Estante.prefab
  artifactKey: Guid(65ea20bf0cdc4064ea114ecc3f6df6cd) Importer(815301076,1909f56bfc062723c751e8b465ee728b)
Start importing Assets/Prefabs/Estante.prefab using Guid(65ea20bf0cdc4064ea114ecc3f6df6cd) Importer(815301076,1909f56bfc062723c751e8b465ee728b)  -> (artifact id: '059aa649366d78194fdb44b9c055a2db') in 0.010317 seconds 
  Import took 0.014490 seconds .

========================================================================
Received Import Request.
  Time since last request: 28.396400 seconds.
  path: Assets/Prefabs/Estante.prefab
  artifactKey: Guid(65ea20bf0cdc4064ea114ecc3f6df6cd) Importer(815301076,1909f56bfc062723c751e8b465ee728b)
Start importing Assets/Prefabs/Estante.prefab using Guid(65ea20bf0cdc4064ea114ecc3f6df6cd) Importer(815301076,1909f56bfc062723c751e8b465ee728b)  -> (artifact id: '1143d6e53c1b062cc3b97dbd882aa3a3') in 0.008127 seconds 
  Import took 0.011606 seconds .

========================================================================
Received Import Request.
  Time since last request: 17.624540 seconds.
  path: Assets/Prefabs/Estante.prefab
  artifactKey: Guid(65ea20bf0cdc4064ea114ecc3f6df6cd) Importer(815301076,1909f56bfc062723c751e8b465ee728b)
Start importing Assets/Prefabs/Estante.prefab using Guid(65ea20bf0cdc4064ea114ecc3f6df6cd) Importer(815301076,1909f56bfc062723c751e8b465ee728b)  -> (artifact id: '4b50ff3a36ace1be538fe9ff8d73e566') in 0.013189 seconds 
  Import took 0.018000 seconds .

========================================================================
Received Import Request.
  Time since last request: 13.993596 seconds.
  path: Assets/Prefabs/Estante.prefab
  artifactKey: Guid(65ea20bf0cdc4064ea114ecc3f6df6cd) Importer(815301076,1909f56bfc062723c751e8b465ee728b)
Start importing Assets/Prefabs/Estante.prefab using Guid(65ea20bf0cdc4064ea114ecc3f6df6cd) Importer(815301076,1909f56bfc062723c751e8b465ee728b)  -> (artifact id: 'f475ed9b65823ca36ae77f2be3abef27') in 0.007315 seconds 
  Import took 0.010811 seconds .

========================================================================
Received Import Request.
  Time since last request: 7.289766 seconds.
  path: Assets/Prefabs/Estante.prefab
  artifactKey: Guid(65ea20bf0cdc4064ea114ecc3f6df6cd) Importer(815301076,1909f56bfc062723c751e8b465ee728b)
Start importing Assets/Prefabs/Estante.prefab using Guid(65ea20bf0cdc4064ea114ecc3f6df6cd) Importer(815301076,1909f56bfc062723c751e8b465ee728b)  -> (artifact id: 'd945eefc8608dc01848f89beb90158e8') in 0.010000 seconds 
  Import took 0.015426 seconds .

========================================================================
Received Import Request.
  Time since last request: 2.893933 seconds.
  path: Assets/Prefabs/Estante.prefab
  artifactKey: Guid(65ea20bf0cdc4064ea114ecc3f6df6cd) Importer(815301076,1909f56bfc062723c751e8b465ee728b)
Start importing Assets/Prefabs/Estante.prefab using Guid(65ea20bf0cdc4064ea114ecc3f6df6cd) Importer(815301076,1909f56bfc062723c751e8b465ee728b)  -> (artifact id: '78b85454e6024960e0b01a509084b90e') in 0.006959 seconds 
  Import took 0.010567 seconds .

========================================================================
Received Import Request.
  Time since last request: 8.679872 seconds.
  path: Assets/Prefabs/Estante.prefab
  artifactKey: Guid(65ea20bf0cdc4064ea114ecc3f6df6cd) Importer(815301076,1909f56bfc062723c751e8b465ee728b)
Start importing Assets/Prefabs/Estante.prefab using Guid(65ea20bf0cdc4064ea114ecc3f6df6cd) Importer(815301076,1909f56bfc062723c751e8b465ee728b)  -> (artifact id: '3178fe6913ff1a36903f3d64050075b2') in 0.006846 seconds 
  Import took 0.011106 seconds .

========================================================================
Received Import Request.
  Time since last request: 8.917059 seconds.
  path: Assets/Prefabs/Estante.prefab
  artifactKey: Guid(65ea20bf0cdc4064ea114ecc3f6df6cd) Importer(815301076,1909f56bfc062723c751e8b465ee728b)
Start importing Assets/Prefabs/Estante.prefab using Guid(65ea20bf0cdc4064ea114ecc3f6df6cd) Importer(815301076,1909f56bfc062723c751e8b465ee728b)  -> (artifact id: '6d44767830a0763d35e2506962e0f5b7') in 0.010007 seconds 
  Import took 0.015367 seconds .

========================================================================
Received Prepare
Registering precompiled user dll's ...
Registered in 0.010804 seconds.
Begin MonoManager ReloadAssembly
Native extension for WindowsStandalone target not found
Refreshing native plugins compatible for Editor in 0.44 ms, found 2 plugins.
Preloading 0 native plugins for Editor in 0.00 ms.
Mono: successfully reloaded assembly
- Completed reload, in  1.460 seconds
Domain Reload Profiling:
	ReloadAssembly (1461ms)
		BeginReloadAssembly (207ms)
			ExecutionOrderSort (0ms)
			DisableScriptedObjects (7ms)
			BackupInstance (0ms)
			ReleaseScriptingObjects (0ms)
			CreateAndSetChildDomain (71ms)
		EndReloadAssembly (1140ms)
			LoadAssemblies (137ms)
			RebuildTransferFunctionScriptingTraits (0ms)
			SetupTypeCache (449ms)
			ReleaseScriptCaches (1ms)
			RebuildScriptCaches (53ms)
			SetupLoadedEditorAssemblies (385ms)
				LogAssemblyErrors (0ms)
				InitializePlatformSupportModulesInManaged (7ms)
				SetLoadedEditorAssemblies (1ms)
				RefreshPlugins (1ms)
				BeforeProcessingInitializeOnLoad (108ms)
				ProcessInitializeOnLoadAttributes (246ms)
				ProcessInitializeOnLoadMethodAttributes (11ms)
				AfterProcessingInitializeOnLoad (12ms)
				EditorAssembliesLoaded (0ms)
			ExecutionOrderSort2 (0ms)
			AwakeInstancesAfterBackupRestoration (8ms)
Platform modules already initialized, skipping
Refreshing native plugins compatible for Editor in 0.47 ms, found 2 plugins.
Preloading 0 native plugins for Editor in 0.00 ms.
Unloading 1815 Unused Serialized files (Serialized files now loaded: 0)
System memory in use before: 80.9 MB.
System memory in use after: 81.0 MB.

Unloading 14 unused Assets to reduce memory usage. Loaded Objects now: 2279.
Total: 5.153900 ms (FindLiveObjects: 0.250900 ms CreateObjectMapping: 0.089500 ms MarkObjects: 4.782900 ms  DeleteObjects: 0.029000 ms)

AssetImportParameters requested are different than current active one (requested -> active):
  custom:framework-win-MediaFoundation: 216162199b28c13a410421893ffa2e32 -> 
  custom:video-decoder-ogg-theora: a1e56fd34408186e4bbccfd4996cb3dc -> 
  custom:container-muxer-webm: aa71ff27fc2769a1b78a27578f13a17b -> 
  custom:container-demuxer-webm: 4f35f7cbe854078d1ac9338744f61a02 -> 
  custom:container-demuxer-ogg: 62fdf1f143b41e24485cea50d1cbac27 -> 
  custom:video-encoder-webm-vp8: eb34c28f22e8b96e1ab97ce403110664 -> 
  custom:video-codec-MediaFoundation-h265: 746d11721c4dcdbdad8f713fa42b33f4 -> 
  custom:video-decoder-webm-vp8: 9c59270c3fd7afecdb556c50c9e8de78 -> 
  custom:audio-decoder-ogg-vorbis: bf7c407c2cedff20999df2af8eb42d56 -> 
  custom:audio-encoder-webm-vorbis: bf7c407c2cedff20999df2af8eb42d56 -> 
========================================================================
Received Import Request.
  Time since last request: 52.028560 seconds.
  path: Assets/Prefabs/Estante.prefab
  artifactKey: Guid(65ea20bf0cdc4064ea114ecc3f6df6cd) Importer(815301076,1909f56bfc062723c751e8b465ee728b)
Start importing Assets/Prefabs/Estante.prefab using Guid(65ea20bf0cdc4064ea114ecc3f6df6cd) Importer(815301076,1909f56bfc062723c751e8b465ee728b)  -> (artifact id: '447b27f28309bfdc2acc5f18fd97194f') in 0.040156 seconds 
  Import took 0.043659 seconds .

========================================================================
Received Import Request.
  Time since last request: 1179.978474 seconds.
  path: Assets/Prefabs/Estante.prefab
  artifactKey: Guid(65ea20bf0cdc4064ea114ecc3f6df6cd) Importer(815301076,1909f56bfc062723c751e8b465ee728b)
Start importing Assets/Prefabs/Estante.prefab using Guid(65ea20bf0cdc4064ea114ecc3f6df6cd) Importer(815301076,1909f56bfc062723c751e8b465ee728b)  -> (artifact id: '9cbd6e2d724c6c2f8127c5144f5fb438') in 0.008461 seconds 
  Import took 0.013449 seconds .

========================================================================
Received Import Request.
  Time since last request: 19.752978 seconds.
  path: Assets/Prefabs/Estante.prefab
  artifactKey: Guid(65ea20bf0cdc4064ea114ecc3f6df6cd) Importer(815301076,1909f56bfc062723c751e8b465ee728b)
Start importing Assets/Prefabs/Estante.prefab using Guid(65ea20bf0cdc4064ea114ecc3f6df6cd) Importer(815301076,1909f56bfc062723c751e8b465ee728b)  -> (artifact id: '6ff9ac200b0836db4696e2754ca6e3a7') in 0.011711 seconds 
  Import took 0.015520 seconds .

========================================================================
Received Import Request.
  Time since last request: 8.130610 seconds.
  path: Assets/Prefabs/Estante.prefab
  artifactKey: Guid(65ea20bf0cdc4064ea114ecc3f6df6cd) Importer(815301076,1909f56bfc062723c751e8b465ee728b)
Start importing Assets/Prefabs/Estante.prefab using Guid(65ea20bf0cdc4064ea114ecc3f6df6cd) Importer(815301076,1909f56bfc062723c751e8b465ee728b)  -> (artifact id: '148227be3ad28b708651c96b1c341a77') in 0.008344 seconds 
  Import took 0.012658 seconds .

========================================================================
Received Import Request.
  Time since last request: 20.057204 seconds.
  path: Assets/Prefabs/Estante.prefab
  artifactKey: Guid(65ea20bf0cdc4064ea114ecc3f6df6cd) Importer(815301076,1909f56bfc062723c751e8b465ee728b)
Start importing Assets/Prefabs/Estante.prefab using Guid(65ea20bf0cdc4064ea114ecc3f6df6cd) Importer(815301076,1909f56bfc062723c751e8b465ee728b)  -> (artifact id: '50a557f0dfc7799a5e700114ece82ca6') in 0.007737 seconds 
  Import took 0.012221 seconds .

========================================================================
Received Import Request.
  Time since last request: 15.739988 seconds.
  path: Assets/Prefabs/Estante.prefab
  artifactKey: Guid(65ea20bf0cdc4064ea114ecc3f6df6cd) Importer(815301076,1909f56bfc062723c751e8b465ee728b)
Start importing Assets/Prefabs/Estante.prefab using Guid(65ea20bf0cdc4064ea114ecc3f6df6cd) Importer(815301076,1909f56bfc062723c751e8b465ee728b)  -> (artifact id: '3746763ec15770010d81022cad7690ff') in 0.008170 seconds 
  Import took 0.011864 seconds .

========================================================================
Received Import Request.
  Time since last request: 8.106906 seconds.
  path: Assets/Prefabs/Estante.prefab
  artifactKey: Guid(65ea20bf0cdc4064ea114ecc3f6df6cd) Importer(815301076,1909f56bfc062723c751e8b465ee728b)
Start importing Assets/Prefabs/Estante.prefab using Guid(65ea20bf0cdc4064ea114ecc3f6df6cd) Importer(815301076,1909f56bfc062723c751e8b465ee728b)  -> (artifact id: '46a1b1c35564ebcacbc64d64235e81a1') in 0.010893 seconds 
  Import took 0.015219 seconds .

========================================================================
Received Import Request.
  Time since last request: 2.805205 seconds.
  path: Assets/Prefabs/Estante.prefab
  artifactKey: Guid(65ea20bf0cdc4064ea114ecc3f6df6cd) Importer(815301076,1909f56bfc062723c751e8b465ee728b)
Start importing Assets/Prefabs/Estante.prefab using Guid(65ea20bf0cdc4064ea114ecc3f6df6cd) Importer(815301076,1909f56bfc062723c751e8b465ee728b)  -> (artifact id: 'c9690a979be0649eae6ec08e582741dc') in 0.007353 seconds 
  Import took 0.011798 seconds .

========================================================================
Received Import Request.
  Time since last request: 9.075853 seconds.
  path: Assets/Prefabs/Estante.prefab
  artifactKey: Guid(65ea20bf0cdc4064ea114ecc3f6df6cd) Importer(815301076,1909f56bfc062723c751e8b465ee728b)
Start importing Assets/Prefabs/Estante.prefab using Guid(65ea20bf0cdc4064ea114ecc3f6df6cd) Importer(815301076,1909f56bfc062723c751e8b465ee728b)  -> (artifact id: 'db42ba688b9c1c3ce2f6f84fcab742c2') in 0.006501 seconds 
  Import took 0.010289 seconds .

========================================================================
Received Import Request.
  Time since last request: 156.937538 seconds.
  path: Assets/Prefabs/Estante.prefab
  artifactKey: Guid(65ea20bf0cdc4064ea114ecc3f6df6cd) Importer(815301076,1909f56bfc062723c751e8b465ee728b)
Start importing Assets/Prefabs/Estante.prefab using Guid(65ea20bf0cdc4064ea114ecc3f6df6cd) Importer(815301076,1909f56bfc062723c751e8b465ee728b)  -> (artifact id: '620e64faa6b29f7c9ba63a0a6cb0f757') in 0.006530 seconds 
  Import took 0.010252 seconds .

========================================================================
Received Import Request.
  Time since last request: 806.289092 seconds.
  path: Assets/Prefabs/Estante.prefab
  artifactKey: Guid(65ea20bf0cdc4064ea114ecc3f6df6cd) Importer(815301076,1909f56bfc062723c751e8b465ee728b)
Start importing Assets/Prefabs/Estante.prefab using Guid(65ea20bf0cdc4064ea114ecc3f6df6cd) Importer(815301076,1909f56bfc062723c751e8b465ee728b)  -> (artifact id: '5163c7da2e266adb33e2b57847a99244') in 0.008241 seconds 
  Import took 0.013547 seconds .

========================================================================
Received Import Request.
  Time since last request: 135.721951 seconds.
  path: Assets/60677625-icono-de-cuadrado-de-caja-de-madera-ilustración-de-textura-gráfico-aislado-de-color-marrón-gráfico-v.jpg
  artifactKey: Guid(bdfb845d394603a4ea51909832d02668) Importer(815301076,1909f56bfc062723c751e8b465ee728b)
Start importing Assets/60677625-icono-de-cuadrado-de-caja-de-madera-ilustración-de-textura-gráfico-aislado-de-color-marrón-gráfico-v.jpg using Guid(bdfb845d394603a4ea51909832d02668) Importer(815301076,1909f56bfc062723c751e8b465ee728b)  -> (artifact id: '49bb9a45eaca02f68b40a974a7c11deb') in 0.145367 seconds 
  Import took 0.152437 seconds .

========================================================================
Received Import Request.
  Time since last request: 0.000716 seconds.
  path: Assets/robotText.png
  artifactKey: Guid(47878faac2a87a446b7dcdc63b95ceee) Importer(815301076,1909f56bfc062723c751e8b465ee728b)
Start importing Assets/robotText.png using Guid(47878faac2a87a446b7dcdc63b95ceee) Importer(815301076,1909f56bfc062723c751e8b465ee728b)  -> (artifact id: 'c7f5026ec21efe0c389ff07d3c4966a5') in 0.031404 seconds 
  Import took 0.038167 seconds .

========================================================================
Received Import Request.
  Time since last request: 0.000762 seconds.
  path: Assets/Box.mat
  artifactKey: Guid(c363aa0e18cee504cba34c04faafd0af) Importer(815301076,1909f56bfc062723c751e8b465ee728b)
Start importing Assets/Box.mat using Guid(c363aa0e18cee504cba34c04faafd0af) Importer(815301076,1909f56bfc062723c751e8b465ee728b)  -> (artifact id: '7ead52bc264e22e1e39aea5044477ae3') in 0.439095 seconds 
  Import took 0.447424 seconds .

========================================================================
Received Import Request.
  Time since last request: 0.000707 seconds.
  path: Assets/Robot.mat
  artifactKey: Guid(5c93786dcb8690a4cae0a07cc280043a) Importer(815301076,1909f56bfc062723c751e8b465ee728b)
Start importing Assets/Robot.mat using Guid(5c93786dcb8690a4cae0a07cc280043a) Importer(815301076,1909f56bfc062723c751e8b465ee728b)  -> (artifact id: '2110fdd34c1c4a31bb0c87bc844d5f60') in 0.026722 seconds 
  Import took 0.034361 seconds .

========================================================================
Received Import Request.
  Time since last request: 0.000724 seconds.
  path: Assets/Estante.mat
  artifactKey: Guid(b8d6c0c2ca2c9fb4c928e6da24bd3959) Importer(815301076,1909f56bfc062723c751e8b465ee728b)
Start importing Assets/Estante.mat using Guid(b8d6c0c2ca2c9fb4c928e6da24bd3959) Importer(815301076,1909f56bfc062723c751e8b465ee728b)  -> (artifact id: 'a3ba1b6a3dd36a3ad4d60c91294481f5') in 0.025504 seconds 
  Import took 0.032187 seconds .

========================================================================
Received Import Request.
  Time since last request: 0.000762 seconds.
  path: Assets/Piso.mat
  artifactKey: Guid(d9ec2b9045146d442affe7f0a9ca9e23) Importer(815301076,1909f56bfc062723c751e8b465ee728b)
Start importing Assets/Piso.mat using Guid(d9ec2b9045146d442affe7f0a9ca9e23) Importer(815301076,1909f56bfc062723c751e8b465ee728b)  -> (artifact id: '7739caeaef1e4cf2fa553bea758d025e') in 0.025748 seconds 
  Import took 0.033162 seconds .

                                                                                                                                                                                                                                                                                                                                                                                                                                                                                                                                                                                                                                                                                                                                                                                                                                                                                                                                                                                                                                                                                                                                                                                                                                                                                                                                                                                                                                                                                                                                                                                                                                                                                                                                                                                                                                                                                                                                                                                                                                                                                                                                                                                                                                                                                                                                                                                                                                                                                                                                                                                                                                                                                                                                                                                                                                                                                                                                                                                                                                                                                                                                                                                                                                                                                                                                                                                                                                                                                                                                                                                                                                                                                                                                                                                                                                                                                                                                                                                                                                                                                                                                                                                                                                                                                                                                                                                                                                                                                                                                                                                                                                                                                                                                                                                                                                                                                                                                                                                                                                                                                                                                                                                                                                                                                                                                                                                                                                                                                                                                                                                                                                                                                                                                                                                                                                                                                                                                                                                                                                                                                                                                                                                                                                                                                                                                                                                                                                                                                                                                                                                                                                                                                                                                                                                                                                                                                                                                                                                                                                                                                                                                                                                                                                                                                                                                                                                                                                                                                                                                                                                                                                                                                                                                                                                                                                                                                                                                                                                                                                                                                                                                                                                                                                                                                                                                                                                                                                                                                                                                                                                                                                                                                                                                                                                                                                                                                                                                                                                                                                                                                                                                                                                                                                                                                                                                                                                                                                                                                                                                                                                                                                                                                                                                                                                                                                                                                                                                                                                                                                                                                                                                                                                                                                                                                                                                                                                                                                                                                                                                                                                                                                                                                                                                                                                                                                                                                                                                                                                                                                                                                                                                                                                                                                                                                                                                                                                                                                                                                                                                                                                                                                                                                                                                                                                                                                                                                                                                                                                                                                                                                                                                                                                                                                                                                                                                                                                                                                                                                                                                                                                                                                                                                                                                                                                                                                                                                                                                                                                                                                                                                                                                                                                                                                                                                                                                                                                                                                                                                                                                                                                                                                                                                                                                                                                                                                                                                                                                                                                                                                                                                                                                                                                                                                                                                                                                                                                                                                                                                                                                                                                                                                                                                                                                                                                                                                                                                                                                                                                                                                                                                                                                                                                                                                                                                                                                                                                                                                                                                                                                                                                                                                                                                                                                                                                                                                                                                                                                                                                                                                                                                                                                                                                                                                                                                                                                                                                                                                                                                                                                                                                                                                                                                                                                                                                                                                                                                                                                                                                                                                                                                                                                                                                                                                                                                                                                                                                                                                                                                                                                                                                                                                                                                                                                                                                                                         